2025-06-17 19:54:52 [main] INFO com.ui.tests.ProductCheckoutTest Load the HomePage of the Website 
2025-06-17 19:54:54 [main] INFO com.ui.pages.HomePage Visiting the Website http://www.automationpractice.pl/index.php? 
2025-06-17 19:55:01 [main] INFO com.ui.pages.HomePage Trying to perform click to go to sign In page 
2025-06-17 19:55:01 [main] INFO com.ui.pages.HomePage Element found with locatorBy.xpath: //a[contains(text(),'Sign in')] 
2025-06-17 19:55:01 [main] INFO com.ui.pages.HomePage Element found and now performing click By.xpath: //a[contains(text(),'Sign in')] 
2025-06-17 19:55:03 [main] INFO com.ui.pages.LoginPage Element found with locatorBy.id: email 
2025-06-17 19:55:03 [main] INFO com.ui.pages.LoginPage Element found and now Entering text javafo8487@noroasis.com 
2025-06-17 19:55:03 [main] INFO com.ui.pages.LoginPage Element found with locatorBy.id: passwd 
2025-06-17 19:55:03 [main] INFO com.ui.pages.LoginPage Element found and now Entering text password 
2025-06-17 19:55:03 [main] INFO com.ui.pages.LoginPage Element found with locatorBy.id: SubmitLogin 
2025-06-17 19:55:03 [main] INFO com.ui.pages.LoginPage Element found and now performing click By.id: SubmitLogin 
2025-06-17 19:55:05 [main] INFO com.ui.pages.MyAccountPage Element found with locatorBy.id: search_query_top 
2025-06-17 19:55:05 [main] INFO com.ui.pages.MyAccountPage Element found and now Entering text Printed Summer Dress 
2025-06-17 19:55:05 [main] INFO com.ui.pages.MyAccountPage Element found with locatorBy.id: search_query_top 
2025-06-17 19:55:05 [main] INFO com.ui.pages.MyAccountPage Element found and now Enter the special key  
2025-06-17 19:55:08 [main] INFO com.ui.pages.SearchResultPage Element found with locatorBy.xpath: //h5[@itemprop = 'name']/a 
2025-06-17 19:55:08 [main] INFO com.ui.pages.SearchResultPage Elements found and now returning the List of Elements 
2025-06-17 19:55:08 [main] INFO com.ui.pages.SearchResultPage Element found with locatorBy.xpath: //h5[@itemprop = 'name']/a 
2025-06-17 19:55:08 [main] INFO com.ui.pages.SearchResultPage Elements found and now returning the List of Elements 
2025-06-17 19:55:08 [main] INFO com.ui.pages.SearchResultPage Element found and now performing click 
2025-06-17 19:55:10 [main] INFO com.ui.pages.ProductDetailPage Element found with locatorBy.id: group_1 
2025-06-17 19:55:10 [main] INFO com.ui.pages.ProductDetailPage Selecting the optionL 
